BTDF       1.3608  103.7729    0.0000    0.0000       0       0       1       0    0.0000    0.0008   1
KUM        5.2902  100.6492    0.0000    0.0000       0       0       1       0    0.0000    0.0185   1
BLSI      -5.3675  105.2452    0.0000    0.0000       0       0       4       0    0.0000    0.0132   1
DSRI      -0.4793  104.5778    0.0000    0.0000       0       0       1       0    0.0000    0.0087   1
EGSI      -5.3524  102.2763    0.0000    0.0000       0       0      58       0    0.0000    0.0052   1
KASI      -5.5236  104.4960    0.0000    0.0000       0       0       4       1    0.0000    0.0032   1
KCSI       3.5222   97.7716    0.0000    0.0000       0       0     111     107    0.0000    0.0065   1
KRJI      -2.0912  101.4619    0.0000    0.0000       0       0      24       1    0.0000    0.0065   1
LHSI      -3.8266  103.5233    0.0000    0.0000       0       0       6       0    0.0000    0.0147   1
LWLI      -5.0175  104.0589    0.0000    0.0000       0       0       5       0    0.0000    0.0030   1
MDSI      -4.4860  104.1782    0.0000    0.0000       0       0       8      17    0.0000    0.0045   1
MKBI      -2.4474  101.2396    0.0000    0.0000       0       0       7       0    0.0000    0.0118   1
MLSI       4.2669   96.4040    0.0000    0.0000       0       0      14     150    0.0000    0.0036   1
MNSI       0.7955   99.5796    0.0000    0.0000       0       0       4       1    0.0000    0.0123   1
PBSI      -0.0547   98.2800    0.0000    0.0000       0       0       1       0    0.0000    0.0015   1
PDSI      -0.9118  100.4617    0.0000    0.0000       0       0      10       2    0.0000    0.0074   1
PPSI      -2.7660  100.0100    0.0000    0.0000       0       0      53       0    0.0000    0.0034   1
RGRI      -0.3491  102.3338    0.0000    0.0000       0       0       3       0    0.0000    0.0062   1
SBSI       1.3988   99.4309    0.0000    0.0000       0       0      39       6    0.0000    0.0034   1
SDSI      -0.9325  101.4280    0.0000    0.0000       0       0       4       0    0.0000    0.0036   1
SISI      -1.3265   99.0895    0.0000    0.0000       0       0       7       3    0.0000    0.0146   1
SLSI      -2.3924  102.5927    0.0000    0.0000       0       0       0       3    0.0000    0.0028   1
SNSI       2.4089   96.3267    0.0000    0.0000       0       0      26       0    0.0000    0.0031   1
TPRI       0.9184  104.5263    0.0000    0.0000       0       0       2       0    0.0000    0.0054   1
TRSI       2.0256   98.9594    0.0000    0.0000       0       0      26       2    0.0000    0.0070   1
TSI        3.5012   98.5646    0.0000    0.0000       0       0       3       0    0.0000    0.0056   1
UBSI      -3.7611  102.2717    0.0000    0.0000       0       0       4      14    0.0000    0.0066   1
BKNI       0.3264  101.0396    0.0000    0.0000       0       0       0       1    0.0000    0.0063   1
GSI        1.3036   97.5754    0.0000    0.0000       0       0     137       2    0.0000    0.0047   1
LHMI       5.2286   96.9469    0.0000    0.0000       0       0     214       3    0.0000    0.0016   1
MNAI      -4.3605  102.9557    0.0000    0.0000       0       0       3       9    0.0000    0.0075   1
PSI        2.6952   98.9240    0.0000    0.0000       0       0      92       2    0.0000    0.0082   1
JMBI      -1.6764  103.5760    0.0000    0.0000       0       0       2       0    0.0000    0.0141   1
TPTI       3.2618   97.1774    0.0000    0.0000       0       0      99       5    0.0000    0.0101   1
